Build started 10/3/2014 8:59:02 AM.
     1>Project "H:\9th Grade\Comp Sci\Tax Calculator\Tax Calculator\Tax Calculator.vcxproj" on node 2 (build target(s)).
     1>InitializeBuildStatus:
         Creating "Debug\Tax Calculator.unsuccessfulbuild" because "AlwaysCreate" was specified.
       ClCompile:
         c:\Program Files (x86)\Microsoft Visual Studio 10.0\VC\bin\CL.exe /c /ZI /nologo /W3 /WX- /Od /Oy- /D WIN32 /D _DEBUG /D _CONSOLE /D _UNICODE /D UNICODE /Gm /EHsc /RTC1 /MDd /GS /fp:precise /Zc:wchar_t /Zc:forScope /Fo"Debug\\" /Fd"Debug\vc100.pdb" /Gd /TP /analyze- /errorReport:prompt taxCalculatorSOURCE.cpp
         taxCalculatorSOURCE.cpp
       ManifestResourceCompile:
         All outputs are up-to-date.
       Link:
         c:\Program Files (x86)\Microsoft Visual Studio 10.0\VC\bin\link.exe /ERRORREPORT:PROMPT /OUT:"H:\9th Grade\Comp Sci\Tax Calculator\Debug\Tax Calculator.exe" /INCREMENTAL /NOLOGO kernel32.lib user32.lib gdi32.lib winspool.lib comdlg32.lib advapi32.lib shell32.lib ole32.lib oleaut32.lib uuid.lib odbc32.lib odbccp32.lib /MANIFEST /ManifestFile:"Debug\Tax Calculator.exe.intermediate.manifest" /MANIFESTUAC:"level='asInvoker' uiAccess='false'" /DEBUG /PDB:"H:\9th Grade\Comp Sci\Tax Calculator\Debug\Tax Calculator.pdb" /SUBSYSTEM:CONSOLE /TLBID:1 /DYNAMICBASE /NXCOMPAT /IMPLIB:"H:\9th Grade\Comp Sci\Tax Calculator\Debug\Tax Calculator.lib" /MACHINE:X86 "Debug\Tax Calculator.exe.embed.manifest.res"
         Debug\taxCalculatorSOURCE.obj
       Manifest:
         C:\Program Files (x86)\Microsoft SDKs\Windows\v7.0A\bin\mt.exe /nologo /verbose /out:"Debug\Tax Calculator.exe.embed.manifest" /manifest "Debug\Tax Calculator.exe.intermediate.manifest"
         All outputs are up-to-date.
       LinkEmbedManifest:
         c:\Program Files (x86)\Microsoft Visual Studio 10.0\VC\bin\link.exe /ERRORREPORT:PROMPT /OUT:"H:\9th Grade\Comp Sci\Tax Calculator\Debug\Tax Calculator.exe" /INCREMENTAL /NOLOGO kernel32.lib user32.lib gdi32.lib winspool.lib comdlg32.lib advapi32.lib shell32.lib ole32.lib oleaut32.lib uuid.lib odbc32.lib odbccp32.lib /MANIFEST /ManifestFile:"Debug\Tax Calculator.exe.intermediate.manifest" /MANIFESTUAC:"level='asInvoker' uiAccess='false'" /DEBUG /PDB:"H:\9th Grade\Comp Sci\Tax Calculator\Debug\Tax Calculator.pdb" /SUBSYSTEM:CONSOLE /TLBID:1 /DYNAMICBASE /NXCOMPAT /IMPLIB:"H:\9th Grade\Comp Sci\Tax Calculator\Debug\Tax Calculator.lib" /MACHINE:X86 "Debug\Tax Calculator.exe.embed.manifest.res"
         Debug\taxCalculatorSOURCE.obj
         Tax Calculator.vcxproj -> H:\9th Grade\Comp Sci\Tax Calculator\Debug\Tax Calculator.exe
       FinalizeBuildStatus:
         Deleting file "Debug\Tax Calculator.unsuccessfulbuild".
         Touching "Debug\Tax Calculator.lastbuildstate".
     1>Done Building Project "H:\9th Grade\Comp Sci\Tax Calculator\Tax Calculator\Tax Calculator.vcxproj" (build target(s)).

Build succeeded.

Time Elapsed 00:00:05.22
