Build started 4/17/2015 9:52:12 AM.
     1>Project "C:\Users\18jsizer\Desktop\Calender Project\Calender Project\Calender Project.vcxproj" on node 2 (build target(s)).
     1>InitializeBuildStatus:
         Creating "Debug\Calender Project.unsuccessfulbuild" because "AlwaysCreate" was specified.
       ClCompile:
         c:\Program Files (x86)\Microsoft Visual Studio 10.0\VC\bin\CL.exe /c /ZI /nologo /W3 /WX- /Od /Oy- /D WIN32 /D _DEBUG /D _CONSOLE /D _UNICODE /D UNICODE /Gm /EHsc /RTC1 /MDd /GS /fp:precise /Zc:wchar_t /Zc:forScope /Fo"Debug\\" /Fd"Debug\vc100.pdb" /Gd /TP /analyze- /errorReport:prompt calenderProjectSOURCE.cpp
         calenderProjectSOURCE.cpp
     1>c:\users\18jsizer\desktop\calender project\calender project\calenderprojectsource.cpp(42): warning C4553: '==' : operator has no effect; did you intend '='?
       ManifestResourceCompile:
         All outputs are up-to-date.
       Link:
         c:\Program Files (x86)\Microsoft Visual Studio 10.0\VC\bin\link.exe /ERRORREPORT:PROMPT /OUT:"C:\Users\18jsizer\Desktop\Calender Project\Debug\Calender Project.exe" /INCREMENTAL /NOLOGO kernel32.lib user32.lib gdi32.lib winspool.lib comdlg32.lib advapi32.lib shell32.lib ole32.lib oleaut32.lib uuid.lib odbc32.lib odbccp32.lib /MANIFEST /ManifestFile:"Debug\Calender Project.exe.intermediate.manifest" /MANIFESTUAC:"level='asInvoker' uiAccess='false'" /DEBUG /PDB:"C:\Users\18jsizer\Desktop\Calender Project\Debug\Calender Project.pdb" /SUBSYSTEM:CONSOLE /TLBID:1 /DYNAMICBASE /NXCOMPAT /IMPLIB:"C:\Users\18jsizer\Desktop\Calender Project\Debug\Calender Project.lib" /MACHINE:X86 "Debug\Calender Project.exe.embed.manifest.res"
         Debug\calenderProjectSOURCE.obj
       Manifest:
         C:\Program Files (x86)\Microsoft SDKs\Windows\v7.0A\bin\mt.exe /nologo /verbose /out:"Debug\Calender Project.exe.embed.manifest" /manifest "Debug\Calender Project.exe.intermediate.manifest"
         All outputs are up-to-date.
       LinkEmbedManifest:
         All outputs are up-to-date.
         Calender Project.vcxproj -> C:\Users\18jsizer\Desktop\Calender Project\Debug\Calender Project.exe
       FinalizeBuildStatus:
         Deleting file "Debug\Calender Project.unsuccessfulbuild".
         Touching "Debug\Calender Project.lastbuildstate".
     1>Done Building Project "C:\Users\18jsizer\Desktop\Calender Project\Calender Project\Calender Project.vcxproj" (build target(s)).

Build succeeded.

Time Elapsed 00:00:01.00
