Build started 10/6/2014 8:49:30 AM.
     1>Project "H:\9th Grade\Comp Sci\Mad Lib\Mad Lib\Mad Lib.vcxproj" on node 2 (build target(s)).
     1>InitializeBuildStatus:
         Creating "Debug\Mad Lib.unsuccessfulbuild" because "AlwaysCreate" was specified.
       ClCompile:
         c:\Program Files (x86)\Microsoft Visual Studio 10.0\VC\bin\CL.exe /c /ZI /nologo /W3 /WX- /Od /Oy- /D WIN32 /D _DEBUG /D _CONSOLE /D _UNICODE /D UNICODE /Gm /EHsc /RTC1 /MDd /GS /fp:precise /Zc:wchar_t /Zc:forScope /Fo"Debug\\" /Fd"Debug\vc100.pdb" /Gd /TP /analyze- /errorReport:prompt madLibSOURCE.cpp
         madLibSOURCE.cpp
       ManifestResourceCompile:
         All outputs are up-to-date.
       Link:
         c:\Program Files (x86)\Microsoft Visual Studio 10.0\VC\bin\link.exe /ERRORREPORT:PROMPT /OUT:"H:\9th Grade\Comp Sci\Mad Lib\Debug\Mad Lib.exe" /INCREMENTAL /NOLOGO kernel32.lib user32.lib gdi32.lib winspool.lib comdlg32.lib advapi32.lib shell32.lib ole32.lib oleaut32.lib uuid.lib odbc32.lib odbccp32.lib /MANIFEST /ManifestFile:"Debug\Mad Lib.exe.intermediate.manifest" /MANIFESTUAC:"level='asInvoker' uiAccess='false'" /DEBUG /PDB:"H:\9th Grade\Comp Sci\Mad Lib\Debug\Mad Lib.pdb" /SUBSYSTEM:CONSOLE /TLBID:1 /DYNAMICBASE /NXCOMPAT /IMPLIB:"H:\9th Grade\Comp Sci\Mad Lib\Debug\Mad Lib.lib" /MACHINE:X86 "Debug\Mad Lib.exe.embed.manifest.res"
         Debug\madLibSOURCE.obj
       Manifest:
         C:\Program Files (x86)\Microsoft SDKs\Windows\v7.0A\bin\mt.exe /nologo /verbose /out:"Debug\Mad Lib.exe.embed.manifest" /manifest "Debug\Mad Lib.exe.intermediate.manifest"
         All outputs are up-to-date.
       LinkEmbedManifest:
         c:\Program Files (x86)\Microsoft Visual Studio 10.0\VC\bin\link.exe /ERRORREPORT:PROMPT /OUT:"H:\9th Grade\Comp Sci\Mad Lib\Debug\Mad Lib.exe" /INCREMENTAL /NOLOGO kernel32.lib user32.lib gdi32.lib winspool.lib comdlg32.lib advapi32.lib shell32.lib ole32.lib oleaut32.lib uuid.lib odbc32.lib odbccp32.lib /MANIFEST /ManifestFile:"Debug\Mad Lib.exe.intermediate.manifest" /MANIFESTUAC:"level='asInvoker' uiAccess='false'" /DEBUG /PDB:"H:\9th Grade\Comp Sci\Mad Lib\Debug\Mad Lib.pdb" /SUBSYSTEM:CONSOLE /TLBID:1 /DYNAMICBASE /NXCOMPAT /IMPLIB:"H:\9th Grade\Comp Sci\Mad Lib\Debug\Mad Lib.lib" /MACHINE:X86 "Debug\Mad Lib.exe.embed.manifest.res"
         Debug\madLibSOURCE.obj
         Mad Lib.vcxproj -> H:\9th Grade\Comp Sci\Mad Lib\Debug\Mad Lib.exe
       FinalizeBuildStatus:
         Deleting file "Debug\Mad Lib.unsuccessfulbuild".
         Touching "Debug\Mad Lib.lastbuildstate".
     1>Done Building Project "H:\9th Grade\Comp Sci\Mad Lib\Mad Lib\Mad Lib.vcxproj" (build target(s)).

Build succeeded.

Time Elapsed 00:00:07.71
