Build started 1/30/2015 7:50:09 AM.
     1>Project "\\wsdhsms\18home\18jsizer\Documents\School\Comp Sci\MMM project\MMM project\MMM project.vcxproj" on node 2 (build target(s)).
     1>InitializeBuildStatus:
         Touching "Debug\MMM project.unsuccessfulbuild".
       ClCompile:
         c:\Program Files (x86)\Microsoft Visual Studio 10.0\VC\bin\CL.exe /c /ZI /nologo /W3 /WX- /Od /Oy- /D WIN32 /D _DEBUG /D _CONSOLE /D _UNICODE /D UNICODE /Gm /EHsc /RTC1 /MDd /GS /fp:precise /Zc:wchar_t /Zc:forScope /Fo"Debug\\" /Fd"Debug\vc100.pdb" /Gd /TP /analyze- /errorReport:prompt mmmProjectSOURCE.cpp
         mmmProjectSOURCE.cpp
     1>\\wsdhsms\18home\18jsizer\documents\school\comp sci\mmm project\mmm project\mmmprojectsource.cpp(50): warning C4244: '=' : conversion from 'double' to 'int', possible loss of data
       Link:
         c:\Program Files (x86)\Microsoft Visual Studio 10.0\VC\bin\link.exe /ERRORREPORT:PROMPT /OUT:"\\wsdhsms\18home\18jsizer\Documents\School\Comp Sci\MMM project\Debug\MMM project.exe" /INCREMENTAL:NO /NOLOGO kernel32.lib user32.lib gdi32.lib winspool.lib comdlg32.lib advapi32.lib shell32.lib ole32.lib oleaut32.lib uuid.lib odbc32.lib odbccp32.lib /MANIFEST /ManifestFile:"Debug\MMM project.exe.intermediate.manifest" /MANIFESTUAC:"level='asInvoker' uiAccess='false'" /DEBUG /PDB:"\\wsdhsms\18home\18jsizer\Documents\School\Comp Sci\MMM project\Debug\MMM project.pdb" /SUBSYSTEM:CONSOLE /TLBID:1 /DYNAMICBASE /NXCOMPAT /IMPLIB:"\\wsdhsms\18home\18jsizer\Documents\School\Comp Sci\MMM project\Debug\MMM project.lib" /MACHINE:X86 Debug\mmmProjectSOURCE.obj
     1>mmmProjectSOURCE.obj : warning LNK4075: ignoring '/EDITANDCONTINUE' due to '/INCREMENTAL:NO' specification
         MMM project.vcxproj -> \\wsdhsms\18home\18jsizer\Documents\School\Comp Sci\MMM project\Debug\MMM project.exe
       Manifest:
         C:\Program Files (x86)\Microsoft SDKs\Windows\v7.0A\bin\mt.exe /nologo /verbose /outputresource:"\\wsdhsms\18home\18jsizer\Documents\School\Comp Sci\MMM project\Debug\MMM project.exe;#1" /manifest "Debug\MMM project.exe.intermediate.manifest"
       FinalizeBuildStatus:
         Deleting file "Debug\MMM project.unsuccessfulbuild".
         Touching "Debug\MMM project.lastbuildstate".
     1>Done Building Project "\\wsdhsms\18home\18jsizer\Documents\School\Comp Sci\MMM project\MMM project\MMM project.vcxproj" (build target(s)).

Build succeeded.

Time Elapsed 00:00:12.70
