Build started 2/19/2015 9:42:15 AM.
     1>Project "C:\Users\18jsizer\Desktop\String Tokenize\String Tokenize\String Tokenize.vcxproj" on node 2 (build target(s)).
     1>InitializeBuildStatus:
         Creating "Debug\String Tokenize.unsuccessfulbuild" because "AlwaysCreate" was specified.
       ClCompile:
         c:\Program Files (x86)\Microsoft Visual Studio 10.0\VC\bin\CL.exe /c /ZI /nologo /W3 /WX- /Od /Oy- /D WIN32 /D _DEBUG /D _CONSOLE /D _UNICODE /D UNICODE /Gm /EHsc /RTC1 /MDd /GS /fp:precise /Zc:wchar_t /Zc:forScope /Fo"Debug\\" /Fd"Debug\vc100.pdb" /Gd /TP /analyze- /errorReport:prompt StringTokenizeSOURCE.cpp
         StringTokenizeSOURCE.cpp
     1>c:\users\18jsizer\desktop\string tokenize\string tokenize\stringtokenizesource.cpp(12): warning C4101: 'x' : unreferenced local variable
       ManifestResourceCompile:
         All outputs are up-to-date.
       Link:
         c:\Program Files (x86)\Microsoft Visual Studio 10.0\VC\bin\link.exe /ERRORREPORT:PROMPT /OUT:"C:\Users\18jsizer\Desktop\String Tokenize\Debug\String Tokenize.exe" /INCREMENTAL /NOLOGO kernel32.lib user32.lib gdi32.lib winspool.lib comdlg32.lib advapi32.lib shell32.lib ole32.lib oleaut32.lib uuid.lib odbc32.lib odbccp32.lib /MANIFEST /ManifestFile:"Debug\String Tokenize.exe.intermediate.manifest" /MANIFESTUAC:"level='asInvoker' uiAccess='false'" /DEBUG /PDB:"C:\Users\18jsizer\Desktop\String Tokenize\Debug\String Tokenize.pdb" /SUBSYSTEM:CONSOLE /TLBID:1 /DYNAMICBASE /NXCOMPAT /IMPLIB:"C:\Users\18jsizer\Desktop\String Tokenize\Debug\String Tokenize.lib" /MACHINE:X86 "Debug\String Tokenize.exe.embed.manifest.res"
         Debug\StringTokenizeSOURCE.obj
       Manifest:
         C:\Program Files (x86)\Microsoft SDKs\Windows\v7.0A\bin\mt.exe /nologo /verbose /out:"Debug\String Tokenize.exe.embed.manifest" /manifest "Debug\String Tokenize.exe.intermediate.manifest"
         All outputs are up-to-date.
       LinkEmbedManifest:
         All outputs are up-to-date.
         String Tokenize.vcxproj -> C:\Users\18jsizer\Desktop\String Tokenize\Debug\String Tokenize.exe
       FinalizeBuildStatus:
         Deleting file "Debug\String Tokenize.unsuccessfulbuild".
         Touching "Debug\String Tokenize.lastbuildstate".
     1>Done Building Project "C:\Users\18jsizer\Desktop\String Tokenize\String Tokenize\String Tokenize.vcxproj" (build target(s)).

Build succeeded.

Time Elapsed 00:00:01.18
