Build started 9/17/2014 8:44:39 AM.
     1>Project "H:\9th Grade\Comp Sci\volume1\volume1\volume1.vcxproj" on node 2 (build target(s)).
     1>PrepareForBuild:
         Creating directory "H:\9th Grade\Comp Sci\volume1\Debug\".
       InitializeBuildStatus:
         Creating "Debug\volume1.unsuccessfulbuild" because "AlwaysCreate" was specified.
       ClCompile:
         c:\Program Files (x86)\Microsoft Visual Studio 10.0\VC\bin\CL.exe /c /ZI /nologo /W3 /WX- /Od /Oy- /D WIN32 /D _DEBUG /D _CONSOLE /D _UNICODE /D UNICODE /Gm /EHsc /RTC1 /MDd /GS /fp:precise /Zc:wchar_t /Zc:forScope /Fo"Debug\\" /Fd"Debug\vc100.pdb" /Gd /TP /analyze- /errorReport:prompt volume1SOURCE.cpp
         volume1SOURCE.cpp
       ManifestResourceCompile:
         C:\Program Files (x86)\Microsoft SDKs\Windows\v7.0A\bin\rc.exe /nologo /fo"Debug\volume1.exe.embed.manifest.res" Debug\volume1_manifest.rc 
       Link:
         c:\Program Files (x86)\Microsoft Visual Studio 10.0\VC\bin\link.exe /ERRORREPORT:PROMPT /OUT:"H:\9th Grade\Comp Sci\volume1\Debug\volume1.exe" /INCREMENTAL /NOLOGO kernel32.lib user32.lib gdi32.lib winspool.lib comdlg32.lib advapi32.lib shell32.lib ole32.lib oleaut32.lib uuid.lib odbc32.lib odbccp32.lib /MANIFEST /ManifestFile:"Debug\volume1.exe.intermediate.manifest" /MANIFESTUAC:"level='asInvoker' uiAccess='false'" /DEBUG /PDB:"H:\9th Grade\Comp Sci\volume1\Debug\volume1.pdb" /SUBSYSTEM:CONSOLE /TLBID:1 /DYNAMICBASE /NXCOMPAT /IMPLIB:"H:\9th Grade\Comp Sci\volume1\Debug\volume1.lib" /MACHINE:X86 Debug\volume1.exe.embed.manifest.res
         Debug\volume1SOURCE.obj
       Manifest:
         C:\Program Files (x86)\Microsoft SDKs\Windows\v7.0A\bin\mt.exe /nologo /verbose /out:"Debug\volume1.exe.embed.manifest" /manifest Debug\volume1.exe.intermediate.manifest
         C:\Program Files (x86)\Microsoft SDKs\Windows\v7.0A\bin\rc.exe /nologo /fo"Debug\volume1.exe.embed.manifest.res" Debug\volume1_manifest.rc 
       LinkEmbedManifest:
         c:\Program Files (x86)\Microsoft Visual Studio 10.0\VC\bin\link.exe /ERRORREPORT:PROMPT /OUT:"H:\9th Grade\Comp Sci\volume1\Debug\volume1.exe" /INCREMENTAL /NOLOGO kernel32.lib user32.lib gdi32.lib winspool.lib comdlg32.lib advapi32.lib shell32.lib ole32.lib oleaut32.lib uuid.lib odbc32.lib odbccp32.lib /MANIFEST /ManifestFile:"Debug\volume1.exe.intermediate.manifest" /MANIFESTUAC:"level='asInvoker' uiAccess='false'" /DEBUG /PDB:"H:\9th Grade\Comp Sci\volume1\Debug\volume1.pdb" /SUBSYSTEM:CONSOLE /TLBID:1 /DYNAMICBASE /NXCOMPAT /IMPLIB:"H:\9th Grade\Comp Sci\volume1\Debug\volume1.lib" /MACHINE:X86 Debug\volume1.exe.embed.manifest.res
         Debug\volume1SOURCE.obj
         volume1.vcxproj -> H:\9th Grade\Comp Sci\volume1\Debug\volume1.exe
       FinalizeBuildStatus:
         Deleting file "Debug\volume1.unsuccessfulbuild".
         Touching "Debug\volume1.lastbuildstate".
     1>Done Building Project "H:\9th Grade\Comp Sci\volume1\volume1\volume1.vcxproj" (build target(s)).

Build succeeded.

Time Elapsed 00:00:06.22
