Build started 9/26/2014 8:16:47 AM.
     1>Project "H:\9th Grade\Comp Sci\elevatorElse\elevatorElse\elevatorElse.vcxproj" on node 2 (build target(s)).
     1>PrepareForBuild:
         Creating directory "H:\9th Grade\Comp Sci\elevatorElse\Debug\".
       InitializeBuildStatus:
         Creating "Debug\elevatorElse.unsuccessfulbuild" because "AlwaysCreate" was specified.
       ClCompile:
         c:\Program Files (x86)\Microsoft Visual Studio 10.0\VC\bin\CL.exe /c /ZI /nologo /W3 /WX- /Od /Oy- /D WIN32 /D _DEBUG /D _CONSOLE /D _UNICODE /D UNICODE /Gm /EHsc /RTC1 /MDd /GS /fp:precise /Zc:wchar_t /Zc:forScope /Fo"Debug\\" /Fd"Debug\vc100.pdb" /Gd /TP /analyze- /errorReport:prompt elevatorElseSOURCE.cpp
         elevatorElseSOURCE.cpp
       ManifestResourceCompile:
         C:\Program Files (x86)\Microsoft SDKs\Windows\v7.0A\bin\rc.exe /nologo /fo"Debug\elevatorElse.exe.embed.manifest.res" Debug\elevatorElse_manifest.rc 
       Link:
         c:\Program Files (x86)\Microsoft Visual Studio 10.0\VC\bin\link.exe /ERRORREPORT:PROMPT /OUT:"H:\9th Grade\Comp Sci\elevatorElse\Debug\elevatorElse.exe" /INCREMENTAL /NOLOGO kernel32.lib user32.lib gdi32.lib winspool.lib comdlg32.lib advapi32.lib shell32.lib ole32.lib oleaut32.lib uuid.lib odbc32.lib odbccp32.lib /MANIFEST /ManifestFile:"Debug\elevatorElse.exe.intermediate.manifest" /MANIFESTUAC:"level='asInvoker' uiAccess='false'" /DEBUG /PDB:"H:\9th Grade\Comp Sci\elevatorElse\Debug\elevatorElse.pdb" /SUBSYSTEM:CONSOLE /TLBID:1 /DYNAMICBASE /NXCOMPAT /IMPLIB:"H:\9th Grade\Comp Sci\elevatorElse\Debug\elevatorElse.lib" /MACHINE:X86 Debug\elevatorElse.exe.embed.manifest.res
         Debug\elevatorElseSOURCE.obj
       Manifest:
         C:\Program Files (x86)\Microsoft SDKs\Windows\v7.0A\bin\mt.exe /nologo /verbose /out:"Debug\elevatorElse.exe.embed.manifest" /manifest Debug\elevatorElse.exe.intermediate.manifest
         C:\Program Files (x86)\Microsoft SDKs\Windows\v7.0A\bin\rc.exe /nologo /fo"Debug\elevatorElse.exe.embed.manifest.res" Debug\elevatorElse_manifest.rc 
       LinkEmbedManifest:
         c:\Program Files (x86)\Microsoft Visual Studio 10.0\VC\bin\link.exe /ERRORREPORT:PROMPT /OUT:"H:\9th Grade\Comp Sci\elevatorElse\Debug\elevatorElse.exe" /INCREMENTAL /NOLOGO kernel32.lib user32.lib gdi32.lib winspool.lib comdlg32.lib advapi32.lib shell32.lib ole32.lib oleaut32.lib uuid.lib odbc32.lib odbccp32.lib /MANIFEST /ManifestFile:"Debug\elevatorElse.exe.intermediate.manifest" /MANIFESTUAC:"level='asInvoker' uiAccess='false'" /DEBUG /PDB:"H:\9th Grade\Comp Sci\elevatorElse\Debug\elevatorElse.pdb" /SUBSYSTEM:CONSOLE /TLBID:1 /DYNAMICBASE /NXCOMPAT /IMPLIB:"H:\9th Grade\Comp Sci\elevatorElse\Debug\elevatorElse.lib" /MACHINE:X86 Debug\elevatorElse.exe.embed.manifest.res
         Debug\elevatorElseSOURCE.obj
         elevatorElse.vcxproj -> H:\9th Grade\Comp Sci\elevatorElse\Debug\elevatorElse.exe
       FinalizeBuildStatus:
         Deleting file "Debug\elevatorElse.unsuccessfulbuild".
         Touching "Debug\elevatorElse.lastbuildstate".
     1>Done Building Project "H:\9th Grade\Comp Sci\elevatorElse\elevatorElse\elevatorElse.vcxproj" (build target(s)).

Build succeeded.

Time Elapsed 00:00:06.50
