Build started 3/16/2015 8:28:32 AM.
     1>Project "C:\Users\18jsizer\Desktop\Library Functions\Library Functions\Library Functions.vcxproj" on node 2 (build target(s)).
     1>InitializeBuildStatus:
         Creating "Debug\Library Functions.unsuccessfulbuild" because "AlwaysCreate" was specified.
       ClCompile:
         c:\Program Files (x86)\Microsoft Visual Studio 10.0\VC\bin\CL.exe /c /ZI /nologo /W3 /WX- /Od /Oy- /D WIN32 /D _DEBUG /D _CONSOLE /D _UNICODE /D UNICODE /Gm /EHsc /RTC1 /MDd /GS /fp:precise /Zc:wchar_t /Zc:forScope /Fo"Debug\\" /Fd"Debug\vc100.pdb" /Gd /TP /analyze- /errorReport:prompt libraryFunctionsSOURCE.cpp
         libraryFunctionsSOURCE.cpp
       ManifestResourceCompile:
         All outputs are up-to-date.
       Link:
         c:\Program Files (x86)\Microsoft Visual Studio 10.0\VC\bin\link.exe /ERRORREPORT:PROMPT /OUT:"C:\Users\18jsizer\Desktop\Library Functions\Debug\Library Functions.exe" /INCREMENTAL /NOLOGO kernel32.lib user32.lib gdi32.lib winspool.lib comdlg32.lib advapi32.lib shell32.lib ole32.lib oleaut32.lib uuid.lib odbc32.lib odbccp32.lib /MANIFEST /ManifestFile:"Debug\Library Functions.exe.intermediate.manifest" /MANIFESTUAC:"level='asInvoker' uiAccess='false'" /DEBUG /PDB:"C:\Users\18jsizer\Desktop\Library Functions\Debug\Library Functions.pdb" /SUBSYSTEM:CONSOLE /TLBID:1 /DYNAMICBASE /NXCOMPAT /IMPLIB:"C:\Users\18jsizer\Desktop\Library Functions\Debug\Library Functions.lib" /MACHINE:X86 "Debug\Library Functions.exe.embed.manifest.res"
         Debug\libraryFunctionsSOURCE.obj
       Manifest:
         C:\Program Files (x86)\Microsoft SDKs\Windows\v7.0A\bin\mt.exe /nologo /verbose /out:"Debug\Library Functions.exe.embed.manifest" /manifest "Debug\Library Functions.exe.intermediate.manifest"
         All outputs are up-to-date.
       LinkEmbedManifest:
         All outputs are up-to-date.
         Library Functions.vcxproj -> C:\Users\18jsizer\Desktop\Library Functions\Debug\Library Functions.exe
       FinalizeBuildStatus:
         Deleting file "Debug\Library Functions.unsuccessfulbuild".
         Touching "Debug\Library Functions.lastbuildstate".
     1>Done Building Project "C:\Users\18jsizer\Desktop\Library Functions\Library Functions\Library Functions.vcxproj" (build target(s)).

Build succeeded.

Time Elapsed 00:00:00.91
