Build started 12/22/2014 8:04:30 AM.
     1>Project "C:\Users\18jsizer\Desktop\Steinberg Calculator\Steinberg Calculator\Steinberg Calculator.vcxproj" on node 2 (build target(s)).
     1>InitializeBuildStatus:
         Creating "Debug\Steinberg Calculator.unsuccessfulbuild" because "AlwaysCreate" was specified.
       ClCompile:
         c:\Program Files (x86)\Microsoft Visual Studio 10.0\VC\bin\CL.exe /c /ZI /nologo /W3 /WX- /Od /Oy- /D WIN32 /D _DEBUG /D _CONSOLE /D _UNICODE /D UNICODE /Gm /EHsc /RTC1 /MDd /GS /fp:precise /Zc:wchar_t /Zc:forScope /Fo"Debug\\" /Fd"Debug\vc100.pdb" /Gd /TP /analyze- /errorReport:prompt steinbergCalculatorSOURCE.cpp
         steinbergCalculatorSOURCE.cpp
     1>c:\users\18jsizer\desktop\steinberg calculator\steinberg calculator\steinbergcalculatorsource.cpp(133): warning C4244: 'initializing' : conversion from 'double' to 'int', possible loss of data
       ManifestResourceCompile:
         All outputs are up-to-date.
       Link:
         c:\Program Files (x86)\Microsoft Visual Studio 10.0\VC\bin\link.exe /ERRORREPORT:PROMPT /OUT:"C:\Users\18jsizer\Desktop\Steinberg Calculator\Debug\Steinberg Calculator.exe" /INCREMENTAL /NOLOGO kernel32.lib user32.lib gdi32.lib winspool.lib comdlg32.lib advapi32.lib shell32.lib ole32.lib oleaut32.lib uuid.lib odbc32.lib odbccp32.lib /MANIFEST /ManifestFile:"Debug\Steinberg Calculator.exe.intermediate.manifest" /MANIFESTUAC:"level='asInvoker' uiAccess='false'" /DEBUG /PDB:"C:\Users\18jsizer\Desktop\Steinberg Calculator\Debug\Steinberg Calculator.pdb" /SUBSYSTEM:CONSOLE /TLBID:1 /DYNAMICBASE /NXCOMPAT /IMPLIB:"C:\Users\18jsizer\Desktop\Steinberg Calculator\Debug\Steinberg Calculator.lib" /MACHINE:X86 "Debug\Steinberg Calculator.exe.embed.manifest.res"
         Debug\steinbergCalculatorSOURCE.obj
       Manifest:
         C:\Program Files (x86)\Microsoft SDKs\Windows\v7.0A\bin\mt.exe /nologo /verbose /out:"Debug\Steinberg Calculator.exe.embed.manifest" /manifest "Debug\Steinberg Calculator.exe.intermediate.manifest"
         All outputs are up-to-date.
       LinkEmbedManifest:
         All outputs are up-to-date.
         Steinberg Calculator.vcxproj -> C:\Users\18jsizer\Desktop\Steinberg Calculator\Debug\Steinberg Calculator.exe
       FinalizeBuildStatus:
         Deleting file "Debug\Steinberg Calculator.unsuccessfulbuild".
         Touching "Debug\Steinberg Calculator.lastbuildstate".
     1>Done Building Project "C:\Users\18jsizer\Desktop\Steinberg Calculator\Steinberg Calculator\Steinberg Calculator.vcxproj" (build target(s)).

Build succeeded.

Time Elapsed 00:00:01.11
