C:\USERS\18JSIZER\DESKTOP\SELECTION SORT FUNCTION\DEBUG\SELECTION SORT FUNCTION.EXE
C:\USERS\18JSIZER\DESKTOP\SELECTION SORT FUNCTION\DEBUG\SELECTION SORT FUNCTION.ILK
C:\USERS\18JSIZER\DESKTOP\SELECTION SORT FUNCTION\DEBUG\SELECTION SORT FUNCTION.PDB
C:\Users\18jsizer\Desktop\Selection Sort Function\Selection Sort Function\Debug\cl.command.1.tlog
C:\Users\18jsizer\Desktop\Selection Sort Function\Selection Sort Function\Debug\CL.read.1.tlog
C:\Users\18jsizer\Desktop\Selection Sort Function\Selection Sort Function\Debug\CL.write.1.tlog
C:\Users\18jsizer\Desktop\Selection Sort Function\Selection Sort Function\Debug\link.1564.read.1.tlog
C:\Users\18jsizer\Desktop\Selection Sort Function\Selection Sort Function\Debug\link.1564.write.1.tlog
C:\Users\18jsizer\Desktop\Selection Sort Function\Selection Sort Function\Debug\link.1564-cvtres.read.1.tlog
C:\Users\18jsizer\Desktop\Selection Sort Function\Selection Sort Function\Debug\link.1564-cvtres.write.1.tlog
C:\Users\18jsizer\Desktop\Selection Sort Function\Selection Sort Function\Debug\link.5112.read.1.tlog
C:\Users\18jsizer\Desktop\Selection Sort Function\Selection Sort Function\Debug\link.5112.write.1.tlog
C:\Users\18jsizer\Desktop\Selection Sort Function\Selection Sort Function\Debug\link.5112-cvtres.read.1.tlog
C:\Users\18jsizer\Desktop\Selection Sort Function\Selection Sort Function\Debug\link.5112-cvtres.write.1.tlog
C:\Users\18jsizer\Desktop\Selection Sort Function\Selection Sort Function\Debug\link.command.1.tlog
C:\Users\18jsizer\Desktop\Selection Sort Function\Selection Sort Function\Debug\link.read.1.tlog
C:\Users\18jsizer\Desktop\Selection Sort Function\Selection Sort Function\Debug\link.write.1.tlog
C:\Users\18jsizer\Desktop\Selection Sort Function\Selection Sort Function\Debug\link-cvtres.read.1.tlog
C:\Users\18jsizer\Desktop\Selection Sort Function\Selection Sort Function\Debug\link-cvtres.write.1.tlog
C:\Users\18jsizer\Desktop\Selection Sort Function\Selection Sort Function\Debug\mt.command.1.tlog
C:\Users\18jsizer\Desktop\Selection Sort Function\Selection Sort Function\Debug\mt.read.1.tlog
C:\Users\18jsizer\Desktop\Selection Sort Function\Selection Sort Function\Debug\mt.write.1.tlog
C:\Users\18jsizer\Desktop\Selection Sort Function\Selection Sort Function\Debug\rc.command.1.tlog
C:\Users\18jsizer\Desktop\Selection Sort Function\Selection Sort Function\Debug\rc.read.1.tlog
C:\Users\18jsizer\Desktop\Selection Sort Function\Selection Sort Function\Debug\rc.write.1.tlog
C:\USERS\18JSIZER\DESKTOP\SELECTION SORT FUNCTION\SELECTION SORT FUNCTION\DEBUG\SELECTION SORT FUNCTION.EXE.EMBED.MANIFEST
C:\USERS\18JSIZER\DESKTOP\SELECTION SORT FUNCTION\SELECTION SORT FUNCTION\DEBUG\SELECTION SORT FUNCTION.EXE.EMBED.MANIFEST.RES
C:\USERS\18JSIZER\DESKTOP\SELECTION SORT FUNCTION\SELECTION SORT FUNCTION\DEBUG\SELECTION SORT FUNCTION.EXE.INTERMEDIATE.MANIFEST
C:\Users\18jsizer\Desktop\Selection Sort Function\Selection Sort Function\Debug\Selection Sort Function_manifest.rc
C:\USERS\18JSIZER\DESKTOP\SELECTION SORT FUNCTION\SELECTION SORT FUNCTION\DEBUG\SELECTIONSORTFUNCTIONSOURCE.OBJ
C:\Users\18jsizer\Desktop\Selection Sort Function\Selection Sort Function\Debug\vc100.idb
C:\USERS\18JSIZER\DESKTOP\SELECTION SORT FUNCTION\SELECTION SORT FUNCTION\DEBUG\VC100.PDB
