Build started 4/6/2015 8:12:17 PM.
     1>Project "\\wsdhsms\18home\18jsizer\Documents\School\Comp Sci\Computer Programming 2\Class Scheduling\Class Scheduling\Class Scheduling.vcxproj" on node 2 (build target(s)).
     1>InitializeBuildStatus:
         Creating "Debug\Class Scheduling.unsuccessfulbuild" because "AlwaysCreate" was specified.
       ClCompile:
         c:\Program Files (x86)\Microsoft Visual Studio 10.0\VC\bin\CL.exe /c /ZI /nologo /W3 /WX- /Od /Oy- /D WIN32 /D _DEBUG /D _CONSOLE /D _UNICODE /D UNICODE /Gm /EHsc /RTC1 /MDd /GS /fp:precise /Zc:wchar_t /Zc:forScope /Fo"Debug\\" /Fd"Debug\vc100.pdb" /Gd /TP /analyze- /errorReport:prompt classSchedulingSOURCE.cpp
         classSchedulingSOURCE.cpp
     1>\\wsdhsms\18home\18jsizer\documents\school\comp sci\computer programming 2\class scheduling\class scheduling\classschedulingsource.cpp(58): warning C4018: '<' : signed/unsigned mismatch
     1>\\wsdhsms\18home\18jsizer\documents\school\comp sci\computer programming 2\class scheduling\class scheduling\classschedulingsource.cpp(71): warning C4018: '<' : signed/unsigned mismatch
       Link:
         c:\Program Files (x86)\Microsoft Visual Studio 10.0\VC\bin\link.exe /ERRORREPORT:PROMPT /OUT:"\\wsdhsms\18home\18jsizer\Documents\School\Comp Sci\Computer Programming 2\Class Scheduling\Debug\Class Scheduling.exe" /INCREMENTAL:NO /NOLOGO kernel32.lib user32.lib gdi32.lib winspool.lib comdlg32.lib advapi32.lib shell32.lib ole32.lib oleaut32.lib uuid.lib odbc32.lib odbccp32.lib /MANIFEST /ManifestFile:"Debug\Class Scheduling.exe.intermediate.manifest" /MANIFESTUAC:"level='asInvoker' uiAccess='false'" /DEBUG /PDB:"\\wsdhsms\18home\18jsizer\Documents\School\Comp Sci\Computer Programming 2\Class Scheduling\Debug\Class Scheduling.pdb" /SUBSYSTEM:CONSOLE /TLBID:1 /DYNAMICBASE /NXCOMPAT /IMPLIB:"\\wsdhsms\18home\18jsizer\Documents\School\Comp Sci\Computer Programming 2\Class Scheduling\Debug\Class Scheduling.lib" /MACHINE:X86 Debug\classSchedulingSOURCE.obj
     1>classSchedulingSOURCE.obj : warning LNK4075: ignoring '/EDITANDCONTINUE' due to '/INCREMENTAL:NO' specification
     1>classSchedulingSOURCE.obj : warning LNK4099: PDB 'vc100.pdb' was not found with 'classSchedulingSOURCE.obj' or at '\\wsdhsms\18home\18jsizer\Documents\School\Comp Sci\Computer Programming 2\Class Scheduling\Debug\vc100.pdb'; linking object as if no debug info
         Class Scheduling.vcxproj -> \\wsdhsms\18home\18jsizer\Documents\School\Comp Sci\Computer Programming 2\Class Scheduling\Debug\Class Scheduling.exe
       Manifest:
         c:\Program Files (x86)\Microsoft SDKs\Windows\v7.0A\bin\mt.exe /nologo /verbose /outputresource:"\\wsdhsms\18home\18jsizer\Documents\School\Comp Sci\Computer Programming 2\Class Scheduling\Debug\Class Scheduling.exe;#1" /manifest "Debug\Class Scheduling.exe.intermediate.manifest"
       FinalizeBuildStatus:
         Deleting file "Debug\Class Scheduling.unsuccessfulbuild".
         Touching "Debug\Class Scheduling.lastbuildstate".
     1>Done Building Project "\\wsdhsms\18home\18jsizer\Documents\School\Comp Sci\Computer Programming 2\Class Scheduling\Class Scheduling\Class Scheduling.vcxproj" (build target(s)).

Build succeeded.

Time Elapsed 00:00:07.38
