Build started 4/28/2015 8:53:56 AM.
     1>Project "C:\Users\18jsizer\Desktop\Computer Science Projects\World Population\World Population\World Population.vcxproj" on node 2 (build target(s)).
     1>InitializeBuildStatus:
         Creating "Debug\World Population.unsuccessfulbuild" because "AlwaysCreate" was specified.
       ClCompile:
         c:\Program Files (x86)\Microsoft Visual Studio 10.0\VC\bin\CL.exe /c /ZI /nologo /W3 /WX- /Od /Oy- /D WIN32 /D _DEBUG /D _CONSOLE /D _UNICODE /D UNICODE /Gm /EHsc /RTC1 /MDd /GS /fp:precise /Zc:wchar_t /Zc:forScope /Fo"Debug\\" /Fd"Debug\vc100.pdb" /Gd /TP /analyze- /errorReport:prompt worldPopulationSOURCE.cpp
         worldPopulationSOURCE.cpp
     1>c:\users\18jsizer\desktop\computer science projects\world population\world population\worldpopulationsource.cpp(41): warning C4551: function call missing argument list
       ManifestResourceCompile:
         All outputs are up-to-date.
       Link:
         c:\Program Files (x86)\Microsoft Visual Studio 10.0\VC\bin\link.exe /ERRORREPORT:PROMPT /OUT:"C:\Users\18jsizer\Desktop\Computer Science Projects\World Population\Debug\World Population.exe" /INCREMENTAL /NOLOGO kernel32.lib user32.lib gdi32.lib winspool.lib comdlg32.lib advapi32.lib shell32.lib ole32.lib oleaut32.lib uuid.lib odbc32.lib odbccp32.lib /MANIFEST /ManifestFile:"Debug\World Population.exe.intermediate.manifest" /MANIFESTUAC:"level='asInvoker' uiAccess='false'" /DEBUG /PDB:"C:\Users\18jsizer\Desktop\Computer Science Projects\World Population\Debug\World Population.pdb" /SUBSYSTEM:CONSOLE /TLBID:1 /DYNAMICBASE /NXCOMPAT /IMPLIB:"C:\Users\18jsizer\Desktop\Computer Science Projects\World Population\Debug\World Population.lib" /MACHINE:X86 "Debug\World Population.exe.embed.manifest.res"
         Debug\worldPopulationSOURCE.obj
       Manifest:
         C:\Program Files (x86)\Microsoft SDKs\Windows\v7.0A\bin\mt.exe /nologo /verbose /out:"Debug\World Population.exe.embed.manifest" /manifest "Debug\World Population.exe.intermediate.manifest"
         All outputs are up-to-date.
       LinkEmbedManifest:
         All outputs are up-to-date.
         World Population.vcxproj -> C:\Users\18jsizer\Desktop\Computer Science Projects\World Population\Debug\World Population.exe
       FinalizeBuildStatus:
         Deleting file "Debug\World Population.unsuccessfulbuild".
         Touching "Debug\World Population.lastbuildstate".
     1>Done Building Project "C:\Users\18jsizer\Desktop\Computer Science Projects\World Population\World Population\World Population.vcxproj" (build target(s)).

Build succeeded.

Time Elapsed 00:00:01.26
