Build started 3/4/2015 8:15:11 AM.
     1>Project "C:\Users\18jsizer\Desktop\Pointer Maximum Value Function\Pointer Maximum Value Function\Pointer Maximum Value Function.vcxproj" on node 2 (build target(s)).
     1>InitializeBuildStatus:
         Creating "Debug\Pointer Maximum Value Function.unsuccessfulbuild" because "AlwaysCreate" was specified.
       ClCompile:
         c:\Program Files (x86)\Microsoft Visual Studio 10.0\VC\bin\CL.exe /c /ZI /nologo /W3 /WX- /Od /Oy- /D WIN32 /D _DEBUG /D _CONSOLE /D _UNICODE /D UNICODE /Gm /EHsc /RTC1 /MDd /GS /fp:precise /Zc:wchar_t /Zc:forScope /Fo"Debug\\" /Fd"Debug\vc100.pdb" /Gd /TP /analyze- /errorReport:prompt pointerMaximumValueFunctionSOURCE.cpp
         pointerMaximumValueFunctionSOURCE.cpp
       ManifestResourceCompile:
         All outputs are up-to-date.
       Link:
         c:\Program Files (x86)\Microsoft Visual Studio 10.0\VC\bin\link.exe /ERRORREPORT:PROMPT /OUT:"C:\Users\18jsizer\Desktop\Pointer Maximum Value Function\Debug\Pointer Maximum Value Function.exe" /INCREMENTAL /NOLOGO kernel32.lib user32.lib gdi32.lib winspool.lib comdlg32.lib advapi32.lib shell32.lib ole32.lib oleaut32.lib uuid.lib odbc32.lib odbccp32.lib /MANIFEST /ManifestFile:"Debug\Pointer Maximum Value Function.exe.intermediate.manifest" /MANIFESTUAC:"level='asInvoker' uiAccess='false'" /DEBUG /PDB:"C:\Users\18jsizer\Desktop\Pointer Maximum Value Function\Debug\Pointer Maximum Value Function.pdb" /SUBSYSTEM:CONSOLE /TLBID:1 /DYNAMICBASE /NXCOMPAT /IMPLIB:"C:\Users\18jsizer\Desktop\Pointer Maximum Value Function\Debug\Pointer Maximum Value Function.lib" /MACHINE:X86 "Debug\Pointer Maximum Value Function.exe.embed.manifest.res"
         Debug\pointerMaximumValueFunctionSOURCE.obj
       Manifest:
         C:\Program Files (x86)\Microsoft SDKs\Windows\v7.0A\bin\mt.exe /nologo /verbose /out:"Debug\Pointer Maximum Value Function.exe.embed.manifest" /manifest "Debug\Pointer Maximum Value Function.exe.intermediate.manifest"
         All outputs are up-to-date.
       LinkEmbedManifest:
         All outputs are up-to-date.
         Pointer Maximum Value Function.vcxproj -> C:\Users\18jsizer\Desktop\Pointer Maximum Value Function\Debug\Pointer Maximum Value Function.exe
       FinalizeBuildStatus:
         Deleting file "Debug\Pointer Maximum Value Function.unsuccessfulbuild".
         Touching "Debug\Pointer Maximum Value Function.lastbuildstate".
     1>Done Building Project "C:\Users\18jsizer\Desktop\Pointer Maximum Value Function\Pointer Maximum Value Function\Pointer Maximum Value Function.vcxproj" (build target(s)).

Build succeeded.

Time Elapsed 00:00:00.78
