Build started 9/23/2014 10:40:48 AM.
     1>Project "H:\9th Grade\Comp Sci\Sleep Calculator\Sleep Calculator\Sleep Calculator.vcxproj" on node 2 (build target(s)).
     1>InitializeBuildStatus:
         Creating "Debug\Sleep Calculator.unsuccessfulbuild" because "AlwaysCreate" was specified.
       ClCompile:
         c:\Program Files (x86)\Microsoft Visual Studio 10.0\VC\bin\CL.exe /c /ZI /nologo /W3 /WX- /Od /Oy- /D WIN32 /D _DEBUG /D _CONSOLE /D _UNICODE /D UNICODE /Gm /EHsc /RTC1 /MDd /GS /fp:precise /Zc:wchar_t /Zc:forScope /Fo"Debug\\" /Fd"Debug\vc100.pdb" /Gd /TP /analyze- /errorReport:prompt sleepCalculatorSOURCE.cpp
         sleepCalculatorSOURCE.cpp
       ManifestResourceCompile:
         C:\Program Files (x86)\Microsoft SDKs\Windows\v7.0A\bin\rc.exe /nologo /fo"Debug\Sleep Calculator.exe.embed.manifest.res" "Debug\Sleep Calculator_manifest.rc" 
       Link:
         c:\Program Files (x86)\Microsoft Visual Studio 10.0\VC\bin\link.exe /ERRORREPORT:PROMPT /OUT:"H:\9th Grade\Comp Sci\Sleep Calculator\Debug\Sleep Calculator.exe" /INCREMENTAL /NOLOGO kernel32.lib user32.lib gdi32.lib winspool.lib comdlg32.lib advapi32.lib shell32.lib ole32.lib oleaut32.lib uuid.lib odbc32.lib odbccp32.lib /MANIFEST /ManifestFile:"Debug\Sleep Calculator.exe.intermediate.manifest" /MANIFESTUAC:"level='asInvoker' uiAccess='false'" /DEBUG /PDB:"H:\9th Grade\Comp Sci\Sleep Calculator\Debug\Sleep Calculator.pdb" /SUBSYSTEM:CONSOLE /TLBID:1 /DYNAMICBASE /NXCOMPAT /IMPLIB:"H:\9th Grade\Comp Sci\Sleep Calculator\Debug\Sleep Calculator.lib" /MACHINE:X86 "Debug\Sleep Calculator.exe.embed.manifest.res"
         Debug\sleepCalculatorSOURCE.obj
       Manifest:
         C:\Program Files (x86)\Microsoft SDKs\Windows\v7.0A\bin\mt.exe /nologo /verbose /out:"Debug\Sleep Calculator.exe.embed.manifest" /manifest "Debug\Sleep Calculator.exe.intermediate.manifest"
         C:\Program Files (x86)\Microsoft SDKs\Windows\v7.0A\bin\rc.exe /nologo /fo"Debug\Sleep Calculator.exe.embed.manifest.res" "Debug\Sleep Calculator_manifest.rc" 
       LinkEmbedManifest:
         c:\Program Files (x86)\Microsoft Visual Studio 10.0\VC\bin\link.exe /ERRORREPORT:PROMPT /OUT:"H:\9th Grade\Comp Sci\Sleep Calculator\Debug\Sleep Calculator.exe" /INCREMENTAL /NOLOGO kernel32.lib user32.lib gdi32.lib winspool.lib comdlg32.lib advapi32.lib shell32.lib ole32.lib oleaut32.lib uuid.lib odbc32.lib odbccp32.lib /MANIFEST /ManifestFile:"Debug\Sleep Calculator.exe.intermediate.manifest" /MANIFESTUAC:"level='asInvoker' uiAccess='false'" /DEBUG /PDB:"H:\9th Grade\Comp Sci\Sleep Calculator\Debug\Sleep Calculator.pdb" /SUBSYSTEM:CONSOLE /TLBID:1 /DYNAMICBASE /NXCOMPAT /IMPLIB:"H:\9th Grade\Comp Sci\Sleep Calculator\Debug\Sleep Calculator.lib" /MACHINE:X86 "Debug\Sleep Calculator.exe.embed.manifest.res"
         Debug\sleepCalculatorSOURCE.obj
         Sleep Calculator.vcxproj -> H:\9th Grade\Comp Sci\Sleep Calculator\Debug\Sleep Calculator.exe
       FinalizeBuildStatus:
         Deleting file "Debug\Sleep Calculator.unsuccessfulbuild".
         Touching "Debug\Sleep Calculator.lastbuildstate".
     1>Done Building Project "H:\9th Grade\Comp Sci\Sleep Calculator\Sleep Calculator\Sleep Calculator.vcxproj" (build target(s)).

Build succeeded.

Time Elapsed 00:00:06.44
