Build started 2/27/2015 9:48:03 AM.
     1>Project "C:\Users\18jsizer\Desktop\Convert Tempurature\Convert Tempurature\Convert Tempurature.vcxproj" on node 2 (build target(s)).
     1>InitializeBuildStatus:
         Creating "Debug\Convert Tempurature.unsuccessfulbuild" because "AlwaysCreate" was specified.
       ClCompile:
         c:\Program Files (x86)\Microsoft Visual Studio 10.0\VC\bin\CL.exe /c /ZI /nologo /W3 /WX- /Od /Oy- /D WIN32 /D _DEBUG /D _CONSOLE /D _UNICODE /D UNICODE /Gm /EHsc /RTC1 /MDd /GS /fp:precise /Zc:wchar_t /Zc:forScope /Fo"Debug\\" /Fd"Debug\vc100.pdb" /Gd /TP /analyze- /errorReport:prompt convertTempuratureSOURCE.cpp
         convertTempuratureSOURCE.cpp
       ManifestResourceCompile:
         All outputs are up-to-date.
       Link:
         c:\Program Files (x86)\Microsoft Visual Studio 10.0\VC\bin\link.exe /ERRORREPORT:PROMPT /OUT:"C:\Users\18jsizer\Desktop\Convert Tempurature\Debug\Convert Tempurature.exe" /INCREMENTAL /NOLOGO kernel32.lib user32.lib gdi32.lib winspool.lib comdlg32.lib advapi32.lib shell32.lib ole32.lib oleaut32.lib uuid.lib odbc32.lib odbccp32.lib /MANIFEST /ManifestFile:"Debug\Convert Tempurature.exe.intermediate.manifest" /MANIFESTUAC:"level='asInvoker' uiAccess='false'" /DEBUG /PDB:"C:\Users\18jsizer\Desktop\Convert Tempurature\Debug\Convert Tempurature.pdb" /SUBSYSTEM:CONSOLE /TLBID:1 /DYNAMICBASE /NXCOMPAT /IMPLIB:"C:\Users\18jsizer\Desktop\Convert Tempurature\Debug\Convert Tempurature.lib" /MACHINE:X86 "Debug\Convert Tempurature.exe.embed.manifest.res"
         Debug\convertTempuratureSOURCE.obj
       Manifest:
         C:\Program Files (x86)\Microsoft SDKs\Windows\v7.0A\bin\mt.exe /nologo /verbose /out:"Debug\Convert Tempurature.exe.embed.manifest" /manifest "Debug\Convert Tempurature.exe.intermediate.manifest"
         All outputs are up-to-date.
       LinkEmbedManifest:
         All outputs are up-to-date.
         Convert Tempurature.vcxproj -> C:\Users\18jsizer\Desktop\Convert Tempurature\Debug\Convert Tempurature.exe
       FinalizeBuildStatus:
         Deleting file "Debug\Convert Tempurature.unsuccessfulbuild".
         Touching "Debug\Convert Tempurature.lastbuildstate".
     1>Done Building Project "C:\Users\18jsizer\Desktop\Convert Tempurature\Convert Tempurature\Convert Tempurature.vcxproj" (build target(s)).

Build succeeded.

Time Elapsed 00:00:01.14
