Build started 10/20/2014 8:08:35 AM.
     1>Project "C:\Users\18jsizer\Desktop\Powers Table\Powers Table\Powers Table.vcxproj" on node 2 (build target(s)).
     1>InitializeBuildStatus:
         Creating "Debug\Powers Table.unsuccessfulbuild" because "AlwaysCreate" was specified.
       ClCompile:
         c:\Program Files (x86)\Microsoft Visual Studio 10.0\VC\bin\CL.exe /c /ZI /nologo /W3 /WX- /Od /Oy- /D WIN32 /D _DEBUG /D _CONSOLE /D _UNICODE /D UNICODE /Gm /EHsc /RTC1 /MDd /GS /fp:precise /Zc:wchar_t /Zc:forScope /Fo"Debug\\" /Fd"Debug\vc100.pdb" /Gd /TP /analyze- /errorReport:prompt powersTableSOURCE.cpp
         powersTableSOURCE.cpp
       ManifestResourceCompile:
         All outputs are up-to-date.
       Link:
         c:\Program Files (x86)\Microsoft Visual Studio 10.0\VC\bin\link.exe /ERRORREPORT:PROMPT /OUT:"C:\Users\18jsizer\Desktop\Powers Table\Debug\Powers Table.exe" /INCREMENTAL /NOLOGO kernel32.lib user32.lib gdi32.lib winspool.lib comdlg32.lib advapi32.lib shell32.lib ole32.lib oleaut32.lib uuid.lib odbc32.lib odbccp32.lib /MANIFEST /ManifestFile:"Debug\Powers Table.exe.intermediate.manifest" /MANIFESTUAC:"level='asInvoker' uiAccess='false'" /DEBUG /PDB:"C:\Users\18jsizer\Desktop\Powers Table\Debug\Powers Table.pdb" /SUBSYSTEM:CONSOLE /TLBID:1 /DYNAMICBASE /NXCOMPAT /IMPLIB:"C:\Users\18jsizer\Desktop\Powers Table\Debug\Powers Table.lib" /MACHINE:X86 "Debug\Powers Table.exe.embed.manifest.res"
         Debug\powersTableSOURCE.obj
       Manifest:
         C:\Program Files (x86)\Microsoft SDKs\Windows\v7.0A\bin\mt.exe /nologo /verbose /out:"Debug\Powers Table.exe.embed.manifest" /manifest "Debug\Powers Table.exe.intermediate.manifest"
         All outputs are up-to-date.
       LinkEmbedManifest:
         All outputs are up-to-date.
         Powers Table.vcxproj -> C:\Users\18jsizer\Desktop\Powers Table\Debug\Powers Table.exe
       FinalizeBuildStatus:
         Deleting file "Debug\Powers Table.unsuccessfulbuild".
         Touching "Debug\Powers Table.lastbuildstate".
     1>Done Building Project "C:\Users\18jsizer\Desktop\Powers Table\Powers Table\Powers Table.vcxproj" (build target(s)).

Build succeeded.

Time Elapsed 00:00:01.11
