Build started 12/2/2014 8:40:58 AM.
     1>Project "C:\Users\18jsizer\Desktop\Bubble Sort\Bubble Sort\Bubble Sort.vcxproj" on node 2 (build target(s)).
     1>InitializeBuildStatus:
         Creating "Debug\Bubble Sort.unsuccessfulbuild" because "AlwaysCreate" was specified.
       ClCompile:
         c:\Program Files (x86)\Microsoft Visual Studio 10.0\VC\bin\CL.exe /c /ZI /nologo /W3 /WX- /Od /Oy- /D WIN32 /D _DEBUG /D _CONSOLE /D _UNICODE /D UNICODE /Gm /EHsc /RTC1 /MDd /GS /fp:precise /Zc:wchar_t /Zc:forScope /Fo"Debug\\" /Fd"Debug\vc100.pdb" /Gd /TP /analyze- /errorReport:prompt bubbleSortSOURCE.cpp
         bubbleSortSOURCE.cpp
       ManifestResourceCompile:
         All outputs are up-to-date.
       Link:
         c:\Program Files (x86)\Microsoft Visual Studio 10.0\VC\bin\link.exe /ERRORREPORT:PROMPT /OUT:"C:\Users\18jsizer\Desktop\Bubble Sort\Debug\Bubble Sort.exe" /INCREMENTAL /NOLOGO kernel32.lib user32.lib gdi32.lib winspool.lib comdlg32.lib advapi32.lib shell32.lib ole32.lib oleaut32.lib uuid.lib odbc32.lib odbccp32.lib /MANIFEST /ManifestFile:"Debug\Bubble Sort.exe.intermediate.manifest" /MANIFESTUAC:"level='asInvoker' uiAccess='false'" /DEBUG /PDB:"C:\Users\18jsizer\Desktop\Bubble Sort\Debug\Bubble Sort.pdb" /SUBSYSTEM:CONSOLE /TLBID:1 /DYNAMICBASE /NXCOMPAT /IMPLIB:"C:\Users\18jsizer\Desktop\Bubble Sort\Debug\Bubble Sort.lib" /MACHINE:X86 "Debug\Bubble Sort.exe.embed.manifest.res"
         Debug\bubbleSortSOURCE.obj
       Manifest:
         C:\Program Files (x86)\Microsoft SDKs\Windows\v7.0A\bin\mt.exe /nologo /verbose /out:"Debug\Bubble Sort.exe.embed.manifest" /manifest "Debug\Bubble Sort.exe.intermediate.manifest"
         All outputs are up-to-date.
       LinkEmbedManifest:
         All outputs are up-to-date.
         Bubble Sort.vcxproj -> C:\Users\18jsizer\Desktop\Bubble Sort\Debug\Bubble Sort.exe
       FinalizeBuildStatus:
         Deleting file "Debug\Bubble Sort.unsuccessfulbuild".
         Touching "Debug\Bubble Sort.lastbuildstate".
     1>Done Building Project "C:\Users\18jsizer\Desktop\Bubble Sort\Bubble Sort\Bubble Sort.vcxproj" (build target(s)).

Build succeeded.

Time Elapsed 00:00:00.88
