Build started 9/15/2014 10:54:57 AM.
     1>Project "H:\9th Grade\Comp Sci\Programming Math\Programming Math\Programming Math.vcxproj" on node 2 (build target(s)).
     1>InitializeBuildStatus:
         Creating "Debug\Programming Math.unsuccessfulbuild" because "AlwaysCreate" was specified.
       ClCompile:
         c:\Program Files (x86)\Microsoft Visual Studio 10.0\VC\bin\CL.exe /c /ZI /nologo /W3 /WX- /Od /Oy- /D WIN32 /D _DEBUG /D _CONSOLE /D _UNICODE /D UNICODE /Gm /EHsc /RTC1 /MDd /GS /fp:precise /Zc:wchar_t /Zc:forScope /Fo"Debug\\" /Fd"Debug\vc100.pdb" /Gd /TP /analyze- /errorReport:prompt programmingMathSOURCE.cpp
         programmingMathSOURCE.cpp
       ManifestResourceCompile:
         C:\Program Files (x86)\Microsoft SDKs\Windows\v7.0A\bin\rc.exe /nologo /fo"Debug\Programming Math.exe.embed.manifest.res" "Debug\Programming Math_manifest.rc" 
       Link:
         c:\Program Files (x86)\Microsoft Visual Studio 10.0\VC\bin\link.exe /ERRORREPORT:PROMPT /OUT:"H:\9th Grade\Comp Sci\Programming Math\Debug\Programming Math.exe" /INCREMENTAL /NOLOGO kernel32.lib user32.lib gdi32.lib winspool.lib comdlg32.lib advapi32.lib shell32.lib ole32.lib oleaut32.lib uuid.lib odbc32.lib odbccp32.lib /MANIFEST /ManifestFile:"Debug\Programming Math.exe.intermediate.manifest" /MANIFESTUAC:"level='asInvoker' uiAccess='false'" /DEBUG /PDB:"H:\9th Grade\Comp Sci\Programming Math\Debug\Programming Math.pdb" /SUBSYSTEM:CONSOLE /TLBID:1 /DYNAMICBASE /NXCOMPAT /IMPLIB:"H:\9th Grade\Comp Sci\Programming Math\Debug\Programming Math.lib" /MACHINE:X86 "Debug\Programming Math.exe.embed.manifest.res"
         Debug\programmingMathSOURCE.obj
       Manifest:
         C:\Program Files (x86)\Microsoft SDKs\Windows\v7.0A\bin\mt.exe /nologo /verbose /out:"Debug\Programming Math.exe.embed.manifest" /manifest "Debug\Programming Math.exe.intermediate.manifest"
         C:\Program Files (x86)\Microsoft SDKs\Windows\v7.0A\bin\rc.exe /nologo /fo"Debug\Programming Math.exe.embed.manifest.res" "Debug\Programming Math_manifest.rc" 
       LinkEmbedManifest:
         c:\Program Files (x86)\Microsoft Visual Studio 10.0\VC\bin\link.exe /ERRORREPORT:PROMPT /OUT:"H:\9th Grade\Comp Sci\Programming Math\Debug\Programming Math.exe" /INCREMENTAL /NOLOGO kernel32.lib user32.lib gdi32.lib winspool.lib comdlg32.lib advapi32.lib shell32.lib ole32.lib oleaut32.lib uuid.lib odbc32.lib odbccp32.lib /MANIFEST /ManifestFile:"Debug\Programming Math.exe.intermediate.manifest" /MANIFESTUAC:"level='asInvoker' uiAccess='false'" /DEBUG /PDB:"H:\9th Grade\Comp Sci\Programming Math\Debug\Programming Math.pdb" /SUBSYSTEM:CONSOLE /TLBID:1 /DYNAMICBASE /NXCOMPAT /IMPLIB:"H:\9th Grade\Comp Sci\Programming Math\Debug\Programming Math.lib" /MACHINE:X86 "Debug\Programming Math.exe.embed.manifest.res"
         Debug\programmingMathSOURCE.obj
         Programming Math.vcxproj -> H:\9th Grade\Comp Sci\Programming Math\Debug\Programming Math.exe
       FinalizeBuildStatus:
         Deleting file "Debug\Programming Math.unsuccessfulbuild".
         Touching "Debug\Programming Math.lastbuildstate".
     1>Done Building Project "H:\9th Grade\Comp Sci\Programming Math\Programming Math\Programming Math.vcxproj" (build target(s)).

Build succeeded.

Time Elapsed 00:00:04.16
