Build started 9/9/2014 8:38:28 AM.
     1>Project "H:\9th Grade\Comp Sci\Fancy Name Display\Fancy Name Display\Fancy Name Display.vcxproj" on node 2 (build target(s)).
     1>InitializeBuildStatus:
         Creating "Debug\Fancy Name Display.unsuccessfulbuild" because "AlwaysCreate" was specified.
       ClCompile:
         c:\Program Files (x86)\Microsoft Visual Studio 10.0\VC\bin\CL.exe /c /ZI /nologo /W3 /WX- /Od /Oy- /D WIN32 /D _DEBUG /D _CONSOLE /D _UNICODE /D UNICODE /Gm /EHsc /RTC1 /MDd /GS /fp:precise /Zc:wchar_t /Zc:forScope /Fo"Debug\\" /Fd"Debug\vc100.pdb" /Gd /TP /analyze- /errorReport:prompt FancyNameDisplaySOURCE.cpp
         FancyNameDisplaySOURCE.cpp
       ManifestResourceCompile:
         All outputs are up-to-date.
       Link:
         c:\Program Files (x86)\Microsoft Visual Studio 10.0\VC\bin\link.exe /ERRORREPORT:PROMPT /OUT:"H:\9th Grade\Comp Sci\Fancy Name Display\Debug\Fancy Name Display.exe" /INCREMENTAL /NOLOGO kernel32.lib user32.lib gdi32.lib winspool.lib comdlg32.lib advapi32.lib shell32.lib ole32.lib oleaut32.lib uuid.lib odbc32.lib odbccp32.lib /MANIFEST /ManifestFile:"Debug\Fancy Name Display.exe.intermediate.manifest" /MANIFESTUAC:"level='asInvoker' uiAccess='false'" /DEBUG /PDB:"H:\9th Grade\Comp Sci\Fancy Name Display\Debug\Fancy Name Display.pdb" /SUBSYSTEM:CONSOLE /TLBID:1 /DYNAMICBASE /NXCOMPAT /IMPLIB:"H:\9th Grade\Comp Sci\Fancy Name Display\Debug\Fancy Name Display.lib" /MACHINE:X86 "Debug\Fancy Name Display.exe.embed.manifest.res"
         Debug\FancyNameDisplaySOURCE.obj
       Manifest:
         C:\Program Files (x86)\Microsoft SDKs\Windows\v7.0A\bin\mt.exe /nologo /verbose /out:"Debug\Fancy Name Display.exe.embed.manifest" /manifest "Debug\Fancy Name Display.exe.intermediate.manifest"
         All outputs are up-to-date.
       LinkEmbedManifest:
         All outputs are up-to-date.
         Fancy Name Display.vcxproj -> H:\9th Grade\Comp Sci\Fancy Name Display\Debug\Fancy Name Display.exe
       FinalizeBuildStatus:
         Deleting file "Debug\Fancy Name Display.unsuccessfulbuild".
         Touching "Debug\Fancy Name Display.lastbuildstate".
     1>Done Building Project "H:\9th Grade\Comp Sci\Fancy Name Display\Fancy Name Display\Fancy Name Display.vcxproj" (build target(s)).

Build succeeded.

Time Elapsed 00:00:02.25
