Build started 6/2/2015 2:34:14 PM.
     1>Project "\\wsdhsms\18home\18jsizer\Documents\School\Comp Sci\Computer Programming 2\Play Fair Encryption\Play Fair Encryption\Play Fair Encryption.vcxproj" on node 2 (build target(s)).
     1>InitializeBuildStatus:
         Creating "Debug\Play Fair Encryption.unsuccessfulbuild" because "AlwaysCreate" was specified.
       ClCompile:
         c:\Program Files (x86)\Microsoft Visual Studio 10.0\VC\bin\CL.exe /c /ZI /nologo /W3 /WX- /Od /Oy- /D WIN32 /D _DEBUG /D _CONSOLE /D _UNICODE /D UNICODE /Gm /EHsc /RTC1 /MDd /GS /fp:precise /Zc:wchar_t /Zc:forScope /Fo"Debug\\" /Fd"Debug\vc100.pdb" /Gd /TP /analyze- /errorReport:prompt playFairEncryptionSOURCE.cpp
         playFairEncryptionSOURCE.cpp
     1>\\wsdhsms\18home\18jsizer\documents\school\comp sci\computer programming 2\play fair encryption\play fair encryption\playfairencryptionsource.cpp(149): warning C4018: '<' : signed/unsigned mismatch
     1>\\wsdhsms\18home\18jsizer\documents\school\comp sci\computer programming 2\play fair encryption\play fair encryption\playfairencryptionsource.cpp(165): warning C4018: '<' : signed/unsigned mismatch
     1>\\wsdhsms\18home\18jsizer\documents\school\comp sci\computer programming 2\play fair encryption\play fair encryption\playfairencryptionsource.cpp(204): warning C4018: '<' : signed/unsigned mismatch
     1>\\wsdhsms\18home\18jsizer\documents\school\comp sci\computer programming 2\play fair encryption\play fair encryption\playfairencryptionsource.cpp(210): warning C4018: '<' : signed/unsigned mismatch
     1>\\wsdhsms\18home\18jsizer\documents\school\comp sci\computer programming 2\play fair encryption\play fair encryption\playfairencryptionsource.cpp(236): warning C4018: '<' : signed/unsigned mismatch
     1>\\wsdhsms\18home\18jsizer\documents\school\comp sci\computer programming 2\play fair encryption\play fair encryption\playfairencryptionsource.cpp(263): warning C4018: '<' : signed/unsigned mismatch
     1>\\wsdhsms\18home\18jsizer\documents\school\comp sci\computer programming 2\play fair encryption\play fair encryption\playfairencryptionsource.cpp(271): warning C4018: '<' : signed/unsigned mismatch
     1>\\wsdhsms\18home\18jsizer\documents\school\comp sci\computer programming 2\play fair encryption\play fair encryption\playfairencryptionsource.cpp(305): warning C4018: '<' : signed/unsigned mismatch
     1>\\wsdhsms\18home\18jsizer\documents\school\comp sci\computer programming 2\play fair encryption\play fair encryption\playfairencryptionsource.cpp(360): warning C4018: '<' : signed/unsigned mismatch
       ManifestResourceCompile:
         C:\Program Files (x86)\Microsoft SDKs\Windows\v7.0A\bin\rc.exe /nologo /fo"Debug\Play Fair Encryption.exe.embed.manifest.res" "Debug\Play Fair Encryption_manifest.rc" 
       Link:
         c:\Program Files (x86)\Microsoft Visual Studio 10.0\VC\bin\link.exe /ERRORREPORT:PROMPT /OUT:"\\wsdhsms\18home\18jsizer\Documents\School\Comp Sci\Computer Programming 2\Play Fair Encryption\Debug\Play Fair Encryption.exe" /INCREMENTAL /NOLOGO kernel32.lib user32.lib gdi32.lib winspool.lib comdlg32.lib advapi32.lib shell32.lib ole32.lib oleaut32.lib uuid.lib odbc32.lib odbccp32.lib /MANIFEST /ManifestFile:"Debug\Play Fair Encryption.exe.intermediate.manifest" /MANIFESTUAC:"level='asInvoker' uiAccess='false'" /DEBUG /PDB:"\\wsdhsms\18home\18jsizer\Documents\School\Comp Sci\Computer Programming 2\Play Fair Encryption\Debug\Play Fair Encryption.pdb" /SUBSYSTEM:CONSOLE /TLBID:1 /DYNAMICBASE /NXCOMPAT /IMPLIB:"\\wsdhsms\18home\18jsizer\Documents\School\Comp Sci\Computer Programming 2\Play Fair Encryption\Debug\Play Fair Encryption.lib" /MACHINE:X86 "Debug\Play Fair Encryption.exe.embed.manifest.res"
         Debug\playFairEncryptionSOURCE.obj
       Manifest:
         C:\Program Files (x86)\Microsoft SDKs\Windows\v7.0A\bin\mt.exe /nologo /verbose /out:"Debug\Play Fair Encryption.exe.embed.manifest" /manifest "Debug\Play Fair Encryption.exe.intermediate.manifest"
         All outputs are up-to-date.
       LinkEmbedManifest:
         All outputs are up-to-date.
         Play Fair Encryption.vcxproj -> \\wsdhsms\18home\18jsizer\Documents\School\Comp Sci\Computer Programming 2\Play Fair Encryption\Debug\Play Fair Encryption.exe
       FinalizeBuildStatus:
         Deleting file "Debug\Play Fair Encryption.unsuccessfulbuild".
         Touching "Debug\Play Fair Encryption.lastbuildstate".
     1>Done Building Project "\\wsdhsms\18home\18jsizer\Documents\School\Comp Sci\Computer Programming 2\Play Fair Encryption\Play Fair Encryption\Play Fair Encryption.vcxproj" (build target(s)).

Build succeeded.

Time Elapsed 00:00:08.65
