Build started 3/19/2015 9:32:16 AM.
     1>Project "C:\Users\18jsizer\Desktop\Vector Append and Merge\Vector Append and Merge\Vector Append and Merge.vcxproj" on node 2 (build target(s)).
     1>InitializeBuildStatus:
         Creating "Debug\Vector Append and Merge.unsuccessfulbuild" because "AlwaysCreate" was specified.
       ClCompile:
         c:\Program Files (x86)\Microsoft Visual Studio 10.0\VC\bin\CL.exe /c /ZI /nologo /W3 /WX- /Od /Oy- /D WIN32 /D _DEBUG /D _CONSOLE /D _UNICODE /D UNICODE /Gm /EHsc /RTC1 /MDd /GS /fp:precise /Zc:wchar_t /Zc:forScope /Fo"Debug\\" /Fd"Debug\vc100.pdb" /Gd /TP /analyze- /errorReport:prompt vectorAppendAndMergeSOURCE.cpp
         vectorAppendAndMergeSOURCE.cpp
     1>c:\users\18jsizer\desktop\vector append and merge\vector append and merge\vectorappendandmergesource.cpp(30): warning C4018: '<' : signed/unsigned mismatch
     1>c:\users\18jsizer\desktop\vector append and merge\vector append and merge\vectorappendandmergesource.cpp(37): warning C4018: '<' : signed/unsigned mismatch
     1>c:\users\18jsizer\desktop\vector append and merge\vector append and merge\vectorappendandmergesource.cpp(54): warning C4018: '<' : signed/unsigned mismatch
     1>c:\users\18jsizer\desktop\vector append and merge\vector append and merge\vectorappendandmergesource.cpp(76): warning C4018: '<' : signed/unsigned mismatch
     1>c:\users\18jsizer\desktop\vector append and merge\vector append and merge\vectorappendandmergesource.cpp(80): warning C4018: '<' : signed/unsigned mismatch
       ManifestResourceCompile:
         All outputs are up-to-date.
       Link:
         c:\Program Files (x86)\Microsoft Visual Studio 10.0\VC\bin\link.exe /ERRORREPORT:PROMPT /OUT:"C:\Users\18jsizer\Desktop\Vector Append and Merge\Debug\Vector Append and Merge.exe" /INCREMENTAL /NOLOGO kernel32.lib user32.lib gdi32.lib winspool.lib comdlg32.lib advapi32.lib shell32.lib ole32.lib oleaut32.lib uuid.lib odbc32.lib odbccp32.lib /MANIFEST /ManifestFile:"Debug\Vector Append and Merge.exe.intermediate.manifest" /MANIFESTUAC:"level='asInvoker' uiAccess='false'" /DEBUG /PDB:"C:\Users\18jsizer\Desktop\Vector Append and Merge\Debug\Vector Append and Merge.pdb" /SUBSYSTEM:CONSOLE /TLBID:1 /DYNAMICBASE /NXCOMPAT /IMPLIB:"C:\Users\18jsizer\Desktop\Vector Append and Merge\Debug\Vector Append and Merge.lib" /MACHINE:X86 "Debug\Vector Append and Merge.exe.embed.manifest.res"
         Debug\vectorAppendAndMergeSOURCE.obj
       Manifest:
         C:\Program Files (x86)\Microsoft SDKs\Windows\v7.0A\bin\mt.exe /nologo /verbose /out:"Debug\Vector Append and Merge.exe.embed.manifest" /manifest "Debug\Vector Append and Merge.exe.intermediate.manifest"
         All outputs are up-to-date.
       LinkEmbedManifest:
         All outputs are up-to-date.
         Vector Append and Merge.vcxproj -> C:\Users\18jsizer\Desktop\Vector Append and Merge\Debug\Vector Append and Merge.exe
       FinalizeBuildStatus:
         Deleting file "Debug\Vector Append and Merge.unsuccessfulbuild".
         Touching "Debug\Vector Append and Merge.lastbuildstate".
     1>Done Building Project "C:\Users\18jsizer\Desktop\Vector Append and Merge\Vector Append and Merge\Vector Append and Merge.vcxproj" (build target(s)).

Build succeeded.

Time Elapsed 00:00:00.88
